<?xml version="1.0" encoding="UTF-8"?>
<testsuite xmlns:xsi="http://www.w3.org/2001/XMLSchema-instance" xsi:noNamespaceSchemaLocation="https://maven.apache.org/surefire/maven-surefire-plugin/xsd/surefire-test-report.xsd" version="3.0.2" name="tests.AdditionalTests" time="22.485" tests="3" errors="0" skipped="0" failures="0">
  <properties>
[...]
</properties>
  <testcase name="invalidOrderNumberShouldShowNotFoundMessage" classname="tests.AdditionalTests" time="9.573">
    <system-out><![CDATA[Главная страница открыта: https://qa-scooter.praktikum-services.ru/
Текущий URL: https://qa-scooter.praktikum-services.ru/track
Ввели номер заказа: 000000
Нажали кнопку Посмотреть
Тест пройден: сообщение о ненайденном заказе отображается
]]></system-out>
    <system-err><![CDATA[SLF4J(W): No SLF4J providers were found.
SLF4J(W): Defaulting to no-operation (NOP) logger implementation
SLF4J(W): See https://www.slf4j.org/codes.html#noProviders for further details.
]]></system-err>
  </testcase>
  <testcase name="yandexLogoShouldOpenInNewWindow" classname="tests.AdditionalTests" time="8.037">
    <system-out><![CDATA[Главная страница открыта: https://qa-scooter.praktikum-services.ru/
URL нового окна: https://dzen.ru/?yredirect=true
]]></system-out>
  </testcase>
  <testcase name="scooterLogoShouldNavigateToMainPage" classname="tests.AdditionalTests" time="4.836">
    <system-out><![CDATA[Главная страница открыта: https://qa-scooter.praktikum-services.ru/
]]></system-out>
  </testcase>
</testsuite>